2025-08-15 13:35:03,422 - INFO - Starting fuel station analysis for: Hamburg, Germany
2025-08-15 13:35:03,423 - INFO - Downloading fuel stations from OpenStreetMap...
2025-08-15 13:35:39,456 - INFO - Found 221 fuel stations
2025-08-15 13:35:39,456 - INFO - Calculating stations graph using OpenRouteService...
2025-08-15 13:35:47,139 - INFO - Calculating farness centrality...
2025-08-15 13:35:51,282 - INFO - Saving graph to GeoPackage...
2025-08-15 13:35:51,709 - INFO - Created 221 records
2025-08-15 13:35:51,980 - INFO - Created 48,620 records
2025-08-15 13:35:52,079 - INFO - Modify base graph according to fuel stations farness nodes...
2025-08-15 13:35:52,096 - INFO - Calculating farness centrality for filtered graph...
2025-08-15 13:35:55,382 - INFO - Saving filtered graph to GPKG...
2025-08-15 13:35:55,740 - INFO - Created 211 records
2025-08-15 13:35:55,983 - INFO - Created 44,310 records
2025-08-15 13:35:56,066 - ERROR - Error in main execution: unsupported operand type(s) for /: 'dict' and 'int'
2025-08-15 13:37:32,368 - INFO - Starting fuel station analysis for: Hamburg, Germany
2025-08-15 13:37:32,368 - INFO - Downloading fuel stations from OpenStreetMap...
2025-08-15 13:38:05,282 - INFO - Found 221 fuel stations
2025-08-15 13:38:05,282 - INFO - Calculating stations graph using OpenRouteService...
2025-08-15 13:38:12,956 - INFO - Calculating farness centrality...
2025-08-15 13:38:15,884 - INFO - Saving graph to GeoPackage...
2025-08-15 13:38:16,282 - INFO - Created 221 records
2025-08-15 13:38:16,531 - INFO - Created 48,620 records
2025-08-15 13:38:16,623 - INFO - Modify base graph according to fuel stations farness nodes...
2025-08-15 13:38:16,634 - INFO - Calculating farness centrality for filtered graph...
2025-08-15 13:38:19,174 - INFO - Saving filtered graph to GPKG...
2025-08-15 13:38:19,511 - INFO - Created 211 records
2025-08-15 13:38:19,745 - INFO - Created 44,310 records
2025-08-15 13:38:19,831 - ERROR - Error in main execution: not implemented for directed type
2025-08-15 13:39:09,535 - INFO - Starting fuel station analysis for: Hamburg, Germany
2025-08-15 13:39:09,535 - INFO - Downloading fuel stations from OpenStreetMap...
2025-08-15 13:39:42,875 - INFO - Found 221 fuel stations
2025-08-15 13:39:42,875 - INFO - Calculating stations graph using OpenRouteService...
2025-08-15 13:39:53,004 - INFO - Calculating farness centrality...
2025-08-15 13:39:55,830 - INFO - Saving graph to GeoPackage...
2025-08-15 13:39:56,225 - INFO - Created 221 records
2025-08-15 13:39:56,475 - INFO - Created 48,620 records
2025-08-15 13:39:56,565 - INFO - Modify base graph according to fuel stations farness nodes...
2025-08-15 13:39:56,576 - INFO - Calculating farness centrality for filtered graph...
2025-08-15 13:39:59,014 - INFO - Saving filtered graph to GPKG...
2025-08-15 13:39:59,350 - INFO - Created 211 records
2025-08-15 13:39:59,595 - INFO - Created 44,310 records
2025-08-15 13:39:59,679 - ERROR - Error in main execution: not implemented for directed type
2025-08-15 13:42:26,587 - INFO - Starting fuel station analysis for: Hamburg, Germany
2025-08-15 13:42:26,587 - INFO - Downloading fuel stations from OpenStreetMap...
2025-08-15 13:43:00,162 - INFO - Found 221 fuel stations
2025-08-15 13:43:00,162 - INFO - Calculating stations graph using OpenRouteService...
2025-08-15 13:43:08,497 - INFO - Calculating farness centrality...
2025-08-15 13:43:11,513 - INFO - Saving graph to GeoPackage...
2025-08-15 13:43:11,894 - INFO - Created 221 records
2025-08-15 13:43:12,138 - INFO - Created 48,620 records
2025-08-15 13:43:12,225 - INFO - Modify base graph according to fuel stations farness nodes...
2025-08-15 13:43:12,237 - INFO - Calculating farness centrality for filtered graph...
2025-08-15 13:43:14,943 - INFO - Saving filtered graph to GPKG...
2025-08-15 13:43:15,275 - INFO - Created 211 records
2025-08-15 13:43:15,505 - INFO - Created 44,310 records
2025-08-15 13:45:48,084 - INFO - Starting fuel station analysis for: Hamburg, Germany
2025-08-15 13:45:48,084 - INFO - Downloading fuel stations from OpenStreetMap...
2025-08-15 13:46:21,095 - INFO - Found 221 fuel stations
2025-08-15 13:46:21,095 - INFO - Calculating stations graph using OpenRouteService...
2025-08-15 13:46:29,606 - INFO - Calculating farness centrality...
2025-08-15 13:46:32,455 - INFO - Saving graph to GeoPackage...
2025-08-15 13:46:32,824 - INFO - Created 221 records
2025-08-15 13:46:33,076 - INFO - Created 48,620 records
2025-08-15 13:46:33,164 - INFO - Modify base graph according to fuel stations farness nodes...
2025-08-15 13:46:33,175 - INFO - Calculating farness centrality for filtered graph...
2025-08-15 13:46:35,602 - INFO - Saving filtered graph to GPKG...
2025-08-15 13:46:35,967 - INFO - Created 211 records
2025-08-15 13:46:36,201 - INFO - Created 44,310 records
2025-08-15 13:56:25,077 - INFO - Starting fuel station analysis for: Hamburg, Germany
2025-08-15 13:56:25,077 - INFO - Downloading fuel stations from OpenStreetMap...
2025-08-15 13:56:58,718 - INFO - Found 221 fuel stations
2025-08-15 13:56:58,719 - INFO - Calculating stations graph using OpenRouteService...
2025-08-15 13:57:10,644 - INFO - Calculating farness centrality...
2025-08-15 13:57:13,684 - INFO - Saving graph to GeoPackage...
2025-08-15 13:57:14,056 - INFO - Created 221 records
2025-08-15 13:57:14,303 - INFO - Created 48,620 records
2025-08-15 13:57:14,395 - INFO - Modify base graph according to fuel stations farness nodes...
2025-08-15 13:57:14,412 - INFO - Calculating farness centrality for filtered graph...
2025-08-15 13:57:15,789 - INFO - Saving filtered graph to GPKG...
2025-08-15 13:57:16,024 - INFO - Created 171 records
2025-08-15 13:57:16,218 - INFO - Created 29,070 records
2025-08-15 14:01:27,506 - INFO - Starting fuel station analysis for: Hamburg, Germany
2025-08-15 14:01:27,506 - INFO - Downloading fuel stations from OpenStreetMap...
2025-08-15 14:02:00,710 - INFO - Found 221 fuel stations
2025-08-15 14:02:00,710 - INFO - Calculating stations graph using OpenRouteService...
2025-08-15 14:02:10,387 - INFO - Calculating farness centrality...
2025-08-15 14:02:13,248 - INFO - Saving graph to GeoPackage...
2025-08-15 14:02:13,624 - INFO - Created 221 records
2025-08-15 14:02:13,889 - INFO - Created 48,620 records
2025-08-15 14:02:13,983 - INFO - Modify base graph according to fuel stations farness nodes...
2025-08-15 14:02:13,991 - ERROR - Error in main execution: 
2025-08-15 14:02:50,304 - INFO - Starting fuel station analysis for: Hamburg, Germany
2025-08-15 14:02:50,304 - INFO - Downloading fuel stations from OpenStreetMap...
2025-08-15 14:03:25,770 - INFO - Found 221 fuel stations
2025-08-15 14:03:25,770 - INFO - Calculating stations graph using OpenRouteService...
2025-08-15 14:03:36,189 - INFO - Calculating farness centrality...
2025-08-15 14:03:39,557 - INFO - Saving graph to GeoPackage...
2025-08-15 14:03:39,940 - INFO - Created 221 records
2025-08-15 14:03:40,194 - INFO - Created 48,620 records
2025-08-15 14:03:40,281 - INFO - Modify base graph according to fuel stations farness nodes...
2025-08-15 14:03:40,289 - ERROR - Error in main execution: 
2025-08-15 14:04:08,543 - INFO - Starting fuel station analysis for: Hamburg, Germany
2025-08-15 14:04:08,543 - INFO - Downloading fuel stations from OpenStreetMap...
2025-08-15 14:04:43,155 - INFO - Found 221 fuel stations
2025-08-15 14:04:43,155 - INFO - Calculating stations graph using OpenRouteService...
2025-08-15 14:04:51,250 - INFO - Calculating farness centrality...
2025-08-15 14:04:54,189 - INFO - Saving graph to GeoPackage...
2025-08-15 14:04:54,591 - INFO - Created 221 records
2025-08-15 14:04:54,842 - INFO - Created 48,620 records
2025-08-15 14:04:54,931 - INFO - Modify base graph according to fuel stations farness nodes...
2025-08-15 14:04:54,946 - INFO - Calculating farness centrality for filtered graph...
2025-08-15 14:04:56,256 - INFO - Saving filtered graph to GPKG...
2025-08-15 14:04:56,486 - INFO - Created 171 records
2025-08-15 14:04:56,651 - INFO - Created 29,070 records
2025-08-15 14:07:07,775 - INFO - Starting fuel station analysis for: Hamburg, Germany
2025-08-15 14:07:07,775 - INFO - Downloading fuel stations from OpenStreetMap...
2025-08-15 14:07:40,586 - INFO - Found 221 fuel stations
2025-08-15 14:07:40,586 - INFO - Calculating stations graph using OpenRouteService...
2025-08-15 14:07:48,050 - INFO - Calculating farness centrality...
2025-08-15 14:07:57,813 - INFO - Saving graph to GeoPackage...
2025-08-15 14:07:58,231 - INFO - Created 221 records
2025-08-15 14:07:58,476 - INFO - Created 48,620 records
2025-08-15 14:07:58,563 - INFO - Modify base graph according to fuel stations farness nodes...
2025-08-15 14:07:58,571 - INFO - Calculating farness centrality for filtered graph...
2025-08-15 14:07:59,895 - INFO - Saving filtered graph to GPKG...
2025-08-15 14:08:00,129 - INFO - Created 171 records
2025-08-15 14:08:00,314 - INFO - Created 29,070 records
2025-08-15 14:10:52,288 - INFO - Starting fuel station analysis for: Hamburg, Germany
2025-08-15 14:10:52,288 - INFO - Downloading fuel stations from OpenStreetMap...
2025-08-15 14:11:27,020 - INFO - Found 221 fuel stations
2025-08-15 14:11:27,021 - INFO - Calculating stations graph using OpenRouteService...
2025-08-15 14:11:35,959 - INFO - Calculating farness centrality...
2025-08-15 14:11:45,914 - INFO - Saving graph to GeoPackage...
2025-08-15 14:11:46,311 - INFO - Created 221 records
2025-08-15 14:11:46,565 - INFO - Created 48,620 records
2025-08-15 14:11:46,655 - INFO - Modify base graph according to fuel stations farness nodes...
2025-08-15 14:11:46,662 - INFO - Calculating farness centrality for filtered graph...
2025-08-15 14:11:47,917 - INFO - Saving filtered graph to GPKG...
2025-08-15 14:11:48,155 - INFO - Created 171 records
2025-08-15 14:11:48,327 - INFO - Created 29,070 records
2025-08-15 14:12:37,567 - INFO - Starting fuel station analysis for: Hamburg, Germany
2025-08-15 14:12:37,567 - INFO - Downloading fuel stations from OpenStreetMap...
2025-08-15 14:13:15,434 - INFO - Found 221 fuel stations
2025-08-15 14:13:15,434 - INFO - Calculating stations graph using OpenRouteService...
2025-08-15 14:13:28,802 - INFO - Calculating farness centrality...
2025-08-15 14:13:40,219 - INFO - Saving graph to GeoPackage...
2025-08-15 14:13:40,625 - INFO - Created 221 records
2025-08-15 14:13:40,895 - INFO - Created 48,620 records
2025-08-15 14:13:40,988 - INFO - Modify base graph according to fuel stations farness nodes...
2025-08-15 14:13:40,996 - INFO - Calculating farness centrality for filtered graph...
2025-08-15 14:13:42,657 - INFO - Saving filtered graph to GPKG...
2025-08-15 14:13:42,892 - INFO - Created 171 records
2025-08-15 14:13:43,061 - INFO - Created 29,070 records
2025-08-15 14:15:33,976 - INFO - Starting fuel station analysis for: Hamburg, Germany
2025-08-15 14:15:33,976 - INFO - Downloading fuel stations from OpenStreetMap...
2025-08-15 14:16:07,712 - INFO - Found 221 fuel stations
2025-08-15 14:16:07,712 - INFO - Calculating stations graph using OpenRouteService...
2025-08-15 14:16:17,454 - INFO - Calculating farness centrality...
2025-08-15 14:16:27,078 - INFO - Saving graph to GeoPackage...
2025-08-15 14:16:27,473 - INFO - Created 221 records
2025-08-15 14:16:27,726 - INFO - Created 48,620 records
2025-08-15 14:16:27,815 - INFO - Modify base graph according to fuel stations farness nodes...
2025-08-15 14:16:27,823 - INFO - Calculating farness centrality for filtered graph...
2025-08-15 14:16:29,111 - INFO - Saving filtered graph to GPKG...
2025-08-15 14:16:29,342 - INFO - Created 171 records
2025-08-15 14:16:29,512 - INFO - Created 29,070 records
2025-08-15 14:29:39,354 - INFO - Starting fuel station analysis for: Hamburg, Germany
2025-08-15 14:29:39,354 - INFO - Downloading fuel stations from OpenStreetMap...
2025-08-15 14:30:12,276 - INFO - Found 221 fuel stations
2025-08-15 14:30:12,276 - INFO - Calculating stations graph using OpenRouteService...
2025-08-15 14:30:22,161 - INFO - Calculating farness centrality...
2025-08-15 14:30:31,693 - INFO - Saving graph to GeoPackage...
2025-08-15 14:30:32,061 - INFO - Created 221 records
2025-08-15 14:30:32,320 - INFO - Created 48,620 records
2025-08-15 14:30:32,412 - INFO - Modify base graph according to fuel stations farness nodes...
2025-08-15 14:30:32,420 - INFO - Calculating farness centrality for filtered graph...
2025-08-15 14:30:33,722 - INFO - Saving filtered graph to GPKG...
2025-08-15 14:30:33,959 - INFO - Created 171 records
2025-08-15 14:30:34,126 - INFO - Created 29,070 records
2025-08-15 14:36:16,289 - INFO - Starting fuel station analysis for: Hamburg, Germany
2025-08-15 14:36:16,289 - INFO - Downloading fuel stations from OpenStreetMap...
2025-08-15 14:36:49,396 - INFO - Found 221 fuel stations
2025-08-15 14:36:49,396 - INFO - Calculating stations graph using OpenRouteService...
2025-08-15 14:37:02,349 - INFO - Calculating farness centrality...
2025-08-15 14:37:11,938 - INFO - Saving graph to GeoPackage...
2025-08-15 14:37:12,315 - INFO - Created 221 records
2025-08-15 14:37:12,572 - INFO - Created 48,620 records
2025-08-15 14:37:12,683 - INFO - Modify base graph according to fuel stations farness nodes...
2025-08-15 14:37:20,677 - INFO - Calculating farness centrality for filtered graph...
2025-08-15 14:37:21,920 - INFO - Saving filtered graph to GPKG...
2025-08-15 14:37:22,178 - INFO - Created 171 records
2025-08-15 14:37:22,342 - INFO - Created 29,070 records
2025-08-15 14:43:20,169 - INFO - Starting fuel station analysis for: Hamburg, Germany
2025-08-15 14:43:20,169 - INFO - Downloading fuel stations from OpenStreetMap...
2025-08-15 14:43:53,136 - INFO - Found 221 fuel stations
2025-08-15 14:43:53,136 - INFO - Calculating stations graph using OpenRouteService...
2025-08-15 14:44:02,813 - INFO - Calculating farness centrality...
2025-08-15 14:44:13,172 - INFO - Saving graph to GeoPackage...
2025-08-15 14:44:13,565 - INFO - Created 221 records
2025-08-15 14:44:13,821 - INFO - Created 48,620 records
2025-08-15 14:44:13,909 - INFO - Modify base graph according to fuel stations farness nodes...
2025-08-15 14:44:19,707 - INFO - Calculating farness centrality for filtered graph...
2025-08-15 14:44:21,291 - INFO - Saving filtered graph to GPKG...
2025-08-15 14:44:21,553 - INFO - Created 171 records
2025-08-15 14:44:21,719 - INFO - Created 29,070 records
2025-08-15 14:47:07,204 - INFO - Starting fuel station analysis for: Hamburg, Germany
2025-08-15 14:47:07,204 - INFO - Downloading fuel stations from OpenStreetMap...
2025-08-15 14:47:41,098 - INFO - Found 221 fuel stations
2025-08-15 14:47:41,098 - INFO - Calculating stations graph using OpenRouteService...
2025-08-15 14:47:51,068 - INFO - Calculating farness centrality...
2025-08-15 14:48:00,715 - INFO - Saving graph to GeoPackage...
2025-08-15 14:48:01,117 - INFO - Created 221 records
2025-08-15 14:48:01,366 - INFO - Created 48,620 records
2025-08-15 14:48:01,454 - INFO - Modify base graph according to fuel stations farness nodes...
2025-08-15 14:48:06,005 - INFO - Calculating farness centrality for filtered graph...
2025-08-15 14:48:07,309 - INFO - Saving filtered graph to GPKG...
2025-08-15 14:48:07,532 - INFO - Created 171 records
2025-08-15 14:48:07,707 - INFO - Created 29,070 records
2025-08-15 14:48:45,902 - INFO - Starting fuel station analysis for: Hamburg, Germany
2025-08-15 14:48:45,902 - INFO - Downloading fuel stations from OpenStreetMap...
2025-08-15 14:49:18,857 - INFO - Found 221 fuel stations
2025-08-15 14:49:18,857 - INFO - Calculating stations graph using OpenRouteService...
2025-08-15 14:49:27,543 - INFO - Calculating farness centrality...
2025-08-15 14:49:37,101 - INFO - Saving graph to GeoPackage...
2025-08-15 14:49:37,510 - INFO - Created 221 records
2025-08-15 14:49:37,767 - INFO - Created 48,620 records
2025-08-15 14:49:37,855 - INFO - Modify base graph according to fuel stations farness nodes...
2025-08-15 14:49:44,823 - INFO - Calculating farness centrality for filtered graph...
2025-08-15 14:49:46,073 - INFO - Saving filtered graph to GPKG...
2025-08-15 14:49:46,327 - INFO - Created 171 records
2025-08-15 14:49:46,498 - INFO - Created 29,070 records
2025-08-15 14:51:14,806 - INFO - Starting fuel station analysis for: Hamburg, Germany
2025-08-15 14:51:14,806 - INFO - Downloading fuel stations from OpenStreetMap...
2025-08-15 14:51:50,274 - INFO - Found 221 fuel stations
2025-08-15 14:51:50,274 - INFO - Calculating stations graph using OpenRouteService...
2025-08-15 14:51:57,957 - INFO - Calculating farness centrality...
2025-08-15 14:52:10,057 - INFO - Saving graph to GeoPackage...
2025-08-15 14:52:10,527 - INFO - Created 221 records
2025-08-15 14:52:10,796 - INFO - Created 48,620 records
2025-08-15 14:52:10,886 - INFO - Modify base graph according to fuel stations farness nodes...
2025-08-15 14:52:15,151 - ERROR - Error in main execution: remove_long_edges() got an unexpected keyword argument 'max_length'
2025-08-15 14:52:35,945 - INFO - Starting fuel station analysis for: Hamburg, Germany
2025-08-15 14:52:35,945 - INFO - Downloading fuel stations from OpenStreetMap...
2025-08-15 14:53:09,217 - INFO - Found 221 fuel stations
2025-08-15 14:53:09,217 - INFO - Calculating stations graph using OpenRouteService...
2025-08-15 14:53:19,060 - INFO - Calculating farness centrality...
2025-08-15 14:53:28,848 - INFO - Saving graph to GeoPackage...
2025-08-15 14:53:29,258 - INFO - Created 221 records
2025-08-15 14:53:29,505 - INFO - Created 48,620 records
2025-08-15 14:53:29,593 - INFO - Modify base graph according to fuel stations farness nodes...
2025-08-15 14:53:45,903 - INFO - Calculating farness centrality for filtered graph...
2025-08-15 14:53:45,904 - INFO - Saving filtered graph to GPKG...
2025-08-15 14:53:46,140 - INFO - Created 171 records
2025-08-15 14:53:46,306 - INFO - Created 29,070 records
2025-08-15 14:58:09,657 - INFO - Starting fuel station analysis for: Hamburg, Germany
2025-08-15 14:58:09,657 - INFO - Downloading fuel stations from OpenStreetMap...
2025-08-15 14:58:46,401 - INFO - Found 221 fuel stations
2025-08-15 14:58:46,409 - INFO - Calculating stations graph using OpenRouteService...
2025-08-15 14:58:59,549 - INFO - Calculating farness centrality...
2025-08-15 14:59:10,575 - INFO - Saving graph to GeoPackage...
2025-08-15 14:59:10,971 - INFO - Created 221 records
2025-08-15 14:59:11,226 - INFO - Created 48,620 records
2025-08-15 14:59:11,317 - INFO - Modify base graph according to fuel stations farness nodes...
2025-08-15 14:59:15,939 - INFO - Calculating farness centrality for filtered graph...
2025-08-15 14:59:15,940 - INFO - Saving filtered graph to GPKG...
2025-08-15 14:59:16,172 - INFO - Created 171 records
2025-08-15 14:59:16,336 - INFO - Created 29,070 records
2025-08-15 14:59:35,934 - INFO - Starting fuel station analysis for: Hamburg, Germany
2025-08-15 14:59:35,934 - INFO - Downloading fuel stations from OpenStreetMap...
2025-08-15 15:00:12,026 - INFO - Found 221 fuel stations
2025-08-15 15:00:12,026 - INFO - Calculating stations graph using OpenRouteService...
2025-08-15 15:00:22,827 - INFO - Calculating farness centrality...
2025-08-15 15:00:34,948 - INFO - Saving graph to GeoPackage...
2025-08-15 15:00:35,342 - INFO - Created 221 records
2025-08-15 15:00:35,595 - INFO - Created 48,620 records
2025-08-15 15:00:35,687 - INFO - Modify base graph according to fuel stations farness nodes...
2025-08-15 15:00:39,793 - INFO - Calculating farness centrality for filtered graph...
2025-08-15 15:00:39,795 - INFO - Saving filtered graph to GPKG...
2025-08-15 15:00:39,820 - INFO - Created 171 records
2025-08-15 15:00:39,910 - INFO - Created 0 records
2025-08-16 15:26:19,306 - INFO - Starting fuel station analysis for: Luxembourg
2025-08-16 15:26:19,306 - INFO - Downloading fuel stations from OpenStreetMap...
2025-08-16 15:26:19,361 - INFO - Found 3862 fuel stations
2025-08-16 15:26:19,361 - INFO - Calculating stations graph using OpenRouteService...
2025-08-16 15:26:19,361 - ERROR - Error in main execution: make_graph_from_stations() got an unexpected keyword argument 'max_distance'
2025-08-16 15:26:50,985 - INFO - Starting fuel station analysis for: Luxembourg
2025-08-16 15:26:50,985 - INFO - Downloading fuel stations from OpenStreetMap...
2025-08-16 15:26:51,032 - INFO - Found 3862 fuel stations
2025-08-16 15:26:51,032 - INFO - Calculating stations graph using OpenRouteService...
2025-08-16 15:51:45,923 - INFO - Calculating farness centrality...
2025-08-16 16:00:55,948 - INFO - Saving graph to GeoPackage...
2025-08-16 16:01:32,876 - INFO - Created 3,862 records
2025-08-16 16:01:45,237 - INFO - Created 3,980,744 records
2025-08-16 16:01:53,927 - INFO - Modify base graph according to fuel stations farness nodes...
2025-08-16 16:01:54,373 - ERROR - Error in main execution: make_graph_from_stations() got an unexpected keyword argument 'max_distance'
2025-08-16 16:16:57,437 - INFO - Starting fuel station analysis for: Luxembourg
2025-08-16 16:16:57,437 - INFO - Downloading fuel stations from OpenStreetMap...
2025-08-16 16:16:57,485 - INFO - Found 3862 fuel stations
2025-08-16 16:16:57,485 - INFO - Calculating stations graph using OpenRouteService...
2025-08-16 16:41:35,591 - INFO - Calculating farness centrality...
2025-08-16 16:50:44,829 - INFO - Saving graph to GeoPackage...
2025-08-16 16:51:21,209 - INFO - Created 3,862 records
2025-08-16 16:51:39,847 - INFO - Created 3,980,744 records
2025-08-16 16:51:48,777 - INFO - Modify base graph according to fuel stations farness nodes...
2025-08-16 17:13:27,240 - ERROR - Error in main execution: 
